<?xml version="1.0" encoding="UTF-8"?>
<!-- Generated by org.testng.reporters.JUnitReportReporter -->
<testsuite hostname="fv-az1200-688" failures="0" tests="1" name="GoogleTest" time="0.570" errors="0" timestamp="2024-12-31T20:46:19 UTC" skipped="0">
  <testcase classname="GoogleTest" name="testGoogle" time="0.570"/>
</testsuite> <!-- GoogleTest -->
