<?xml version="1.0" encoding="UTF-8"?>
<!-- Generated by org.testng.reporters.JUnitReportReporter -->
<testsuite hostname="fv-az1040-826" failures="0" tests="1" name="GoogleTest" time="0.543" errors="0" timestamp="2024-12-31T20:36:05 UTC" skipped="0">
  <testcase classname="GoogleTest" name="testGoogle" time="0.543"/>
</testsuite> <!-- GoogleTest -->
