<?xml version="1.0" encoding="UTF-8"?>
<!-- Generated by org.testng.reporters.JUnitReportReporter -->
<testsuite hostname="fv-az575-454" failures="0" tests="1" name="GoogleTest" time="0.581" errors="0" timestamp="2024-12-31T20:47:41 UTC" skipped="0">
  <testcase classname="GoogleTest" name="testGoogle" time="0.581"/>
</testsuite> <!-- GoogleTest -->
