<?xml version="1.0" encoding="UTF-8"?>
<!-- Generated by org.testng.reporters.JUnitReportReporter -->
<testsuite hostname="fv-az1114-119" failures="0" tests="1" name="GoogleTest" time="1.131" errors="0" timestamp="2025-01-01T04:35:03 UTC" skipped="0">
  <testcase classname="GoogleTest" name="testGoogle" time="1.131"/>
</testsuite> <!-- GoogleTest -->
