<?xml version="1.0" encoding="UTF-8"?>
<!-- Generated by org.testng.reporters.JUnitReportReporter -->
<testsuite hostname="fv-az1756-254" failures="0" tests="1" name="GoogleTest" time="0.674" errors="0" timestamp="2025-01-01T04:25:53 UTC" skipped="0">
  <testcase classname="GoogleTest" name="testGoogle" time="0.674"/>
</testsuite> <!-- GoogleTest -->
