<?xml version="1.0" encoding="UTF-8"?>
<!-- Generated by org.testng.reporters.JUnitReportReporter -->
<testsuite hostname="techslate" failures="0" tests="1" name="GoogleTest" time="20.292" errors="0" timestamp="2025-01-01T09:43:17 IST" skipped="0">
  <testcase classname="GoogleTest" name="testGoogle" time="20.292"/>
</testsuite> <!-- GoogleTest -->
