<?xml version="1.0" encoding="UTF-8"?>
<!-- Generated by org.testng.reporters.JUnitReportReporter -->
<testsuite hostname="techslate" failures="0" tests="1" name="com.example.GoogleTest" time="25.006" errors="0" timestamp="2024-12-31T23:12:31 IST" skipped="0">
  <testcase classname="com.example.GoogleTest" name="verifyGoogleTitle" time="25.006"/>
</testsuite> <!-- com.example.GoogleTest -->
