<?xml version="1.0" encoding="UTF-8"?>
<!-- Generated by org.testng.reporters.JUnitReportReporter -->
<testsuite hostname="techslate" failures="0" tests="1" name="com.example.AppTest" time="20.150" errors="0" timestamp="2024-12-31T22:23:21 IST" skipped="0">
  <testcase classname="com.example.AppTest" name="verifyGoogleTitle" time="20.150"/>
</testsuite> <!-- com.example.AppTest -->
