<?xml version="1.0" encoding="UTF-8"?>
<!-- Generated by org.testng.reporters.JUnitReportReporter -->
<testsuite hostname="techslate" failures="0" tests="1" name="com.example.GoogleTest" time="22.062" errors="0" timestamp="2024-12-31T22:27:14 IST" skipped="0">
  <testcase classname="com.example.GoogleTest" name="verifyGoogleTitle" time="22.062"/>
</testsuite> <!-- com.example.GoogleTest -->
